<?xml version="1.0" encoding="UTF-8" ?>
<testsuite failures="0" time="0.055" errors="1" skipped="0" tests="2" name="de.lathspell.java_test_ee7_jpa.model.EnumExamplePostgresTest">
  <properties>
[...]
</properties>
  <testcase time="0.039" classname="de.lathspell.java_test_ee7_jpa.model.EnumExamplePostgresTest" name="testPostgresEnum">
    <error message="An exception occurred while calling convertToEntityAttribute on converter class de.lathspell.java_test_ee7_jpa.model.MyEnumPostgresConverter with value BLUE" type="javax.persistence.PersistenceException">javax.persistence.PersistenceException: An exception occurred while calling convertToEntityAttribute on converter class de.lathspell.java_test_ee7_jpa.model.MyEnumPostgresConverter with value BLUE
	at org.eclipse.persistence.internal.jpa.metadata.converters.ConverterClass.convertDataValueToObjectValue(ConverterClass.java:77)
	at org.eclipse.persistence.mappings.foundation.AbstractDirectMapping.getObjectValue(AbstractDirectMapping.java:614)
	at org.eclipse.persistence.mappings.foundation.AbstractDirectMapping.valueFromRow(AbstractDirectMapping.java:1215)
	at org.eclipse.persistence.mappings.foundation.AbstractDirectMapping.buildCloneFromRow(AbstractDirectMapping.java:203)
	at org.eclipse.persistence.internal.descriptors.ObjectBuilder.buildAttributesIntoWorkingCopyClone(ObjectBuilder.java:1811)
	at org.eclipse.persistence.internal.descriptors.ObjectBuilder.buildWorkingCopyCloneFromRow(ObjectBuilder.java:1958)
	at org.eclipse.persistence.internal.descriptors.ObjectBuilder.buildObjectInUnitOfWork(ObjectBuilder.java:726)
	at org.eclipse.persistence.internal.descriptors.ObjectBuilder.buildObject(ObjectBuilder.java:629)
	at org.eclipse.persistence.internal.descriptors.ObjectBuilder.buildObject(ObjectBuilder.java:587)
	at org.eclipse.persistence.internal.descriptors.ObjectBuilder.buildObject(ObjectBuilder.java:571)
	at org.eclipse.persistence.queries.ObjectLevelReadQuery.buildObject(ObjectLevelReadQuery.java:782)
	at org.eclipse.persistence.queries.ReadObjectQuery.registerResultInUnitOfWork(ReadObjectQuery.java:861)
	at org.eclipse.persistence.queries.ReadObjectQuery.executeObjectLevelReadQuery(ReadObjectQuery.java:532)
	at org.eclipse.persistence.queries.ObjectLevelReadQuery.executeDatabaseQuery(ObjectLevelReadQuery.java:1155)
	at org.eclipse.persistence.queries.DatabaseQuery.execute(DatabaseQuery.java:899)
	at org.eclipse.persistence.queries.ObjectLevelReadQuery.execute(ObjectLevelReadQuery.java:1114)
	at org.eclipse.persistence.queries.ReadObjectQuery.execute(ReadObjectQuery.java:429)
	at org.eclipse.persistence.queries.ObjectLevelReadQuery.executeInUnitOfWork(ObjectLevelReadQuery.java:1202)
	at org.eclipse.persistence.internal.sessions.UnitOfWorkImpl.internalExecuteQuery(UnitOfWorkImpl.java:2894)
	at org.eclipse.persistence.internal.sessions.AbstractSession.executeQuery(AbstractSession.java:1797)
	at org.eclipse.persistence.internal.sessions.AbstractSession.executeQuery(AbstractSession.java:1779)
	at org.eclipse.persistence.internal.sessions.AbstractSession.executeQuery(AbstractSession.java:1730)
	at org.eclipse.persistence.internal.jpa.EntityManagerImpl.executeQuery(EntityManagerImpl.java:883)
	at org.eclipse.persistence.internal.jpa.EntityManagerImpl.refresh(EntityManagerImpl.java:1023)
	at org.eclipse.persistence.internal.jpa.EntityManagerImpl.refresh(EntityManagerImpl.java:912)
	at de.lathspell.java_test_ee7_jpa.model.EnumExamplePostgresTest.testPostgresEnum(EnumExamplePostgresTest.java:29)
	at sun.reflect.NativeMethodAccessorImpl.invoke0(Native Method)
	at sun.reflect.NativeMethodAccessorImpl.invoke(NativeMethodAccessorImpl.java:57)
	at sun.reflect.DelegatingMethodAccessorImpl.invoke(DelegatingMethodAccessorImpl.java:43)
	at java.lang.reflect.Method.invoke(Method.java:601)
	at org.junit.runners.model.FrameworkMethod$1.runReflectiveCall(FrameworkMethod.java:47)
	at org.junit.internal.runners.model.ReflectiveCallable.run(ReflectiveCallable.java:12)
	at org.junit.runners.model.FrameworkMethod.invokeExplosively(FrameworkMethod.java:44)
	at org.junit.internal.runners.statements.InvokeMethod.evaluate(InvokeMethod.java:17)
	at org.junit.internal.runners.statements.RunBefores.evaluate(RunBefores.java:26)
	at org.junit.internal.runners.statements.RunAfters.evaluate(RunAfters.java:27)
	at org.junit.runners.ParentRunner.runLeaf(ParentRunner.java:271)
	at org.junit.runners.BlockJUnit4ClassRunner.runChild(BlockJUnit4ClassRunner.java:70)
	at org.junit.runners.BlockJUnit4ClassRunner.runChild(BlockJUnit4ClassRunner.java:50)
	at org.junit.runners.ParentRunner$3.run(ParentRunner.java:238)
	at org.junit.runners.ParentRunner$1.schedule(ParentRunner.java:63)
	at org.junit.runners.ParentRunner.runChildren(ParentRunner.java:236)
	at org.junit.runners.ParentRunner.access$000(ParentRunner.java:53)
	at org.junit.runners.ParentRunner$2.evaluate(ParentRunner.java:229)
	at org.junit.runners.ParentRunner.run(ParentRunner.java:309)
	at org.apache.maven.surefire.junit4.JUnit4TestSet.execute(JUnit4TestSet.java:53)
	at org.apache.maven.surefire.junit4.JUnit4Provider.executeTestSet(JUnit4Provider.java:123)
	at org.apache.maven.surefire.junit4.JUnit4Provider.invoke(JUnit4Provider.java:104)
	at sun.reflect.NativeMethodAccessorImpl.invoke0(Native Method)
	at sun.reflect.NativeMethodAccessorImpl.invoke(NativeMethodAccessorImpl.java:57)
	at sun.reflect.DelegatingMethodAccessorImpl.invoke(DelegatingMethodAccessorImpl.java:43)
	at java.lang.reflect.Method.invoke(Method.java:601)
	at org.apache.maven.surefire.util.ReflectionUtils.invokeMethodWithArray(ReflectionUtils.java:164)
	at org.apache.maven.surefire.booter.ProviderFactory$ProviderProxy.invoke(ProviderFactory.java:110)
	at org.apache.maven.surefire.booter.SurefireStarter.invokeProvider(SurefireStarter.java:175)
	at org.apache.maven.surefire.booter.SurefireStarter.runSuitesInProcessWhenForked(SurefireStarter.java:107)
	at org.apache.maven.surefire.booter.ForkedBooter.main(ForkedBooter.java:68)
Caused by: java.lang.ClassCastException: java.lang.String cannot be cast to org.postgresql.util.PGobject
	at de.lathspell.java_test_ee7_jpa.model.MyEnumPostgresConverter.convertToEntityAttribute(MyEnumPostgresConverter.java:17)
	at org.eclipse.persistence.internal.jpa.metadata.converters.ConverterClass.convertDataValueToObjectValue(ConverterClass.java:75)
	... 56 more
</error>
    <system-err>Mai 12, 2014 11:28:56 PM org.eclipse.persistence.session.file:/srv/home/james/workspace/java_test/java_test_ee7_jpa/target/classes/_postgresJavaTestJpaPU
WARNING: 
javax.persistence.PersistenceException: An exception occurred while calling convertToEntityAttribute on converter class de.lathspell.java_test_ee7_jpa.model.MyEnumPostgresConverter with value BLUE
	at org.eclipse.persistence.internal.jpa.metadata.converters.ConverterClass.convertDataValueToObjectValue(ConverterClass.java:77)
	at org.eclipse.persistence.mappings.foundation.AbstractDirectMapping.getObjectValue(AbstractDirectMapping.java:614)
	at org.eclipse.persistence.mappings.foundation.AbstractDirectMapping.valueFromRow(AbstractDirectMapping.java:1215)
	at org.eclipse.persistence.mappings.foundation.AbstractDirectMapping.buildCloneFromRow(AbstractDirectMapping.java:203)
	at org.eclipse.persistence.internal.descriptors.ObjectBuilder.buildAttributesIntoWorkingCopyClone(ObjectBuilder.java:1811)
	at org.eclipse.persistence.internal.descriptors.ObjectBuilder.buildWorkingCopyCloneFromRow(ObjectBuilder.java:1958)
	at org.eclipse.persistence.internal.descriptors.ObjectBuilder.buildObjectInUnitOfWork(ObjectBuilder.java:726)
	at org.eclipse.persistence.internal.descriptors.ObjectBuilder.buildObject(ObjectBuilder.java:629)
	at org.eclipse.persistence.internal.descriptors.ObjectBuilder.buildObject(ObjectBuilder.java:587)
	at org.eclipse.persistence.internal.descriptors.ObjectBuilder.buildObject(ObjectBuilder.java:571)
	at org.eclipse.persistence.queries.ObjectLevelReadQuery.buildObject(ObjectLevelReadQuery.java:782)
	at org.eclipse.persistence.queries.ReadObjectQuery.registerResultInUnitOfWork(ReadObjectQuery.java:861)
	at org.eclipse.persistence.queries.ReadObjectQuery.executeObjectLevelReadQuery(ReadObjectQuery.java:532)
	at org.eclipse.persistence.queries.ObjectLevelReadQuery.executeDatabaseQuery(ObjectLevelReadQuery.java:1155)
	at org.eclipse.persistence.queries.DatabaseQuery.execute(DatabaseQuery.java:899)
	at org.eclipse.persistence.queries.ObjectLevelReadQuery.execute(ObjectLevelReadQuery.java:1114)
	at org.eclipse.persistence.queries.ReadObjectQuery.execute(ReadObjectQuery.java:429)
	at org.eclipse.persistence.queries.ObjectLevelReadQuery.executeInUnitOfWork(ObjectLevelReadQuery.java:1202)
	at org.eclipse.persistence.internal.sessions.UnitOfWorkImpl.internalExecuteQuery(UnitOfWorkImpl.java:2894)
	at org.eclipse.persistence.internal.sessions.AbstractSession.executeQuery(AbstractSession.java:1797)
	at org.eclipse.persistence.internal.sessions.AbstractSession.executeQuery(AbstractSession.java:1779)
	at org.eclipse.persistence.internal.sessions.AbstractSession.executeQuery(AbstractSession.java:1730)
	at org.eclipse.persistence.internal.jpa.EntityManagerImpl.executeQuery(EntityManagerImpl.java:883)
	at org.eclipse.persistence.internal.jpa.EntityManagerImpl.refresh(EntityManagerImpl.java:1023)
	at org.eclipse.persistence.internal.jpa.EntityManagerImpl.refresh(EntityManagerImpl.java:912)
	at de.lathspell.java_test_ee7_jpa.model.EnumExamplePostgresTest.testPostgresEnum(EnumExamplePostgresTest.java:29)
	at sun.reflect.NativeMethodAccessorImpl.invoke0(Native Method)
	at sun.reflect.NativeMethodAccessorImpl.invoke(NativeMethodAccessorImpl.java:57)
	at sun.reflect.DelegatingMethodAccessorImpl.invoke(DelegatingMethodAccessorImpl.java:43)
	at java.lang.reflect.Method.invoke(Method.java:601)
	at org.junit.runners.model.FrameworkMethod$1.runReflectiveCall(FrameworkMethod.java:47)
	at org.junit.internal.runners.model.ReflectiveCallable.run(ReflectiveCallable.java:12)
	at org.junit.runners.model.FrameworkMethod.invokeExplosively(FrameworkMethod.java:44)
	at org.junit.internal.runners.statements.InvokeMethod.evaluate(InvokeMethod.java:17)
	at org.junit.internal.runners.statements.RunBefores.evaluate(RunBefores.java:26)
	at org.junit.internal.runners.statements.RunAfters.evaluate(RunAfters.java:27)
	at org.junit.runners.ParentRunner.runLeaf(ParentRunner.java:271)
	at org.junit.runners.BlockJUnit4ClassRunner.runChild(BlockJUnit4ClassRunner.java:70)
	at org.junit.runners.BlockJUnit4ClassRunner.runChild(BlockJUnit4ClassRunner.java:50)
	at org.junit.runners.ParentRunner$3.run(ParentRunner.java:238)
	at org.junit.runners.ParentRunner$1.schedule(ParentRunner.java:63)
	at org.junit.runners.ParentRunner.runChildren(ParentRunner.java:236)
	at org.junit.runners.ParentRunner.access$000(ParentRunner.java:53)
	at org.junit.runners.ParentRunner$2.evaluate(ParentRunner.java:229)
	at org.junit.runners.ParentRunner.run(ParentRunner.java:309)
	at org.apache.maven.surefire.junit4.JUnit4TestSet.execute(JUnit4TestSet.java:53)
	at org.apache.maven.surefire.junit4.JUnit4Provider.executeTestSet(JUnit4Provider.java:123)
	at org.apache.maven.surefire.junit4.JUnit4Provider.invoke(JUnit4Provider.java:104)
	at sun.reflect.NativeMethodAccessorImpl.invoke0(Native Method)
	at sun.reflect.NativeMethodAccessorImpl.invoke(NativeMethodAccessorImpl.java:57)
	at sun.reflect.DelegatingMethodAccessorImpl.invoke(DelegatingMethodAccessorImpl.java:43)
	at java.lang.reflect.Method.invoke(Method.java:601)
	at org.apache.maven.surefire.util.ReflectionUtils.invokeMethodWithArray(ReflectionUtils.java:164)
	at org.apache.maven.surefire.booter.ProviderFactory$ProviderProxy.invoke(ProviderFactory.java:110)
	at org.apache.maven.surefire.booter.SurefireStarter.invokeProvider(SurefireStarter.java:175)
	at org.apache.maven.surefire.booter.SurefireStarter.runSuitesInProcessWhenForked(SurefireStarter.java:107)
	at org.apache.maven.surefire.booter.ForkedBooter.main(ForkedBooter.java:68)
Caused by: java.lang.ClassCastException: java.lang.String cannot be cast to org.postgresql.util.PGobject
	at de.lathspell.java_test_ee7_jpa.model.MyEnumPostgresConverter.convertToEntityAttribute(MyEnumPostgresConverter.java:17)
	at org.eclipse.persistence.internal.jpa.metadata.converters.ConverterClass.convertDataValueToObjectValue(ConverterClass.java:75)
	... 56 more

</system-err>
  </testcase>
  <testcase time="0.016" classname="de.lathspell.java_test_ee7_jpa.model.EnumExamplePostgresTest" name="testEnumExample"/>
</testsuite>